--2022-10-21 08:38:11--  http://exoplanetarchive.ipac.caltech.edu/data/ETSS//KeplerDV/005/712/58/kplr010419211-20160128150956_dvt.fits
Resolving exoplanetarchive.ipac.caltech.edu (exoplanetarchive.ipac.caltech.edu)... 134.4.54.151
Connecting to exoplanetarchive.ipac.caltech.edu (exoplanetarchive.ipac.caltech.edu)|134.4.54.151|:80... connected.
HTTP request sent, awaiting response... 302 Found
Location: https://exoplanetarchive.ipac.caltech.edu/data/ETSS//KeplerDV/005/712/58/kplr010419211-20160128150956_dvt.fits [following]
--2022-10-21 08:38:11--  https://exoplanetarchive.ipac.caltech.edu/data/ETSS//KeplerDV/005/712/58/kplr010419211-20160128150956_dvt.fits
Connecting to exoplanetarchive.ipac.caltech.edu (exoplanetarchive.ipac.caltech.edu)|134.4.54.151|:443... connected.
HTTP request sent, awaiting response... 200 OK
Length: 20905920 (20M) [image/fits]
Saving to: ‘kplr010419211-20160128150956_dvt.fits’

     0K .......... .......... .......... .......... ..........  0%  430K 47s
    50K .......... .......... .......... .......... ..........  0%  838K 36s
   100K .......... .......... .......... .......... ..........  0% 59.0M 24s
   150K .......... .......... .......... .......... ..........  0% 37.7M 18s
   200K .......... .......... .......... .......... ..........  1%  882K 19s
   250K .......... .......... .......... .......... ..........  1% 34.1M 16s
   300K .......... .......... .......... .......... ..........  1% 77.5M 14s
   350K .......... .......... .......... .......... ..........  1% 74.2M 12s
   400K .......... .......... .......... .......... ..........  2%  898K 13s
   450K .......... .......... .......... .......... ..........  2%  157M 12s
   500K .......... .......... .......... .......... ..........  2%  144M 11s
   550K .......... .......... .......... .......... ..........  2% 30.8M 10s
   600K .......... .......... .......... .......... ..........  3% 97.1M 9s
   650K .......... .......... .......... .......... ..........  3%  151M 8s
   700K .......... .......... .......... .......... ..........  3%  154M 8s
   750K .......... .......... .......... .......... ..........  3% 98.8M 7s
   800K .......... .......... .......... .......... ..........  4% 36.5M 7s
   850K .......... .......... .......... .......... ..........  4% 1.07M 7s
   900K .......... .......... .......... .......... ..........  4% 5.79M 7s
   950K .......... .......... .......... .......... ..........  4%  397M 7s
  1000K .......... .......... .......... .......... ..........  5% 76.2M 7s
  1050K .......... .......... .......... .......... ..........  5% 58.5M 6s
  1100K .......... .......... .......... .......... ..........  5%  561M 6s
  1150K .......... .......... .......... .......... ..........  5%  107M 6s
  1200K .......... .......... .......... .......... ..........  6% 24.7M 5s
  1250K .......... .......... .......... .......... ..........  6%  193M 5s
  1300K .......... .......... .......... .......... ..........  6%  543M 5s
  1350K .......... .......... .......... .......... ..........  6% 45.9M 5s
  1400K .......... .......... .......... .......... ..........  7% 92.3M 5s
  1450K .......... .......... .......... .......... ..........  7% 25.2M 5s
  1500K .......... .......... .......... .......... ..........  7%  574M 4s
  1550K .......... .......... .......... .......... ..........  7%  568M 4s
  1600K .......... .......... .......... .......... ..........  8%  152M 4s
  1650K .......... .......... .......... .......... ..........  8% 36.3M 4s
  1700K .......... .......... .......... .......... ..........  8%  519M 4s
  1750K .......... .......... .......... .......... ..........  8% 1.23M 4s
  1800K .......... .......... .......... .......... ..........  9% 5.47M 4s
  1850K .......... .......... .......... .......... ..........  9% 78.3M 4s
  1900K .......... .......... .......... .......... ..........  9% 52.4M 4s
  1950K .......... .......... .......... .......... ..........  9%  555M 4s
  2000K .......... .......... .......... .......... .......... 10% 29.9M 4s
  2050K .......... .......... .......... .......... .......... 10%  328M 4s
  2100K .......... .......... .......... .......... .......... 10%  122M 4s
  2150K .......... .......... .......... .......... .......... 10% 58.3M 3s
  2200K .......... .......... .......... .......... .......... 11% 33.8M 3s
  2250K .......... .......... .......... .......... .......... 11%  688M 3s
  2300K .......... .......... .......... .......... .......... 11%  708M 3s
  2350K .......... .......... .......... .......... .......... 11%  140M 3s
  2400K .......... .......... .......... .......... .......... 12% 27.5M 3s
  2450K .......... .......... .......... .......... .......... 12%  718M 3s
  2500K .......... .......... .......... .......... .......... 12%  729M 3s
  2550K .......... .......... .......... .......... .......... 12% 44.3M 3s
  2600K .......... .......... .......... .......... .......... 12%  626M 3s
  2650K .......... .......... .......... .......... .......... 13%  428M 3s
  2700K .......... .......... .......... .......... .......... 13% 22.6M 3s
  2750K .......... .......... .......... .......... .......... 13% 60.9M 3s
  2800K .......... .......... .......... .......... .......... 13%  618M 3s
  2850K .......... .......... .......... .......... .......... 14%  788M 3s
  2900K .......... .......... .......... .......... .......... 14% 94.8M 3s
  2950K .......... .......... .......... .......... .......... 14%  751M 2s
  3000K .......... .......... .......... .......... .......... 14%  595M 2s
  3050K .......... .......... .......... .......... .......... 15%  133M 2s
  3100K .......... .......... .......... .......... .......... 15% 33.0M 2s
  3150K .......... .......... .......... .......... .......... 15%  678M 2s
  3200K .......... .......... .......... .......... .......... 15%  119M 2s
  3250K .......... .......... .......... .......... .......... 16% 28.5M 2s
  3300K .......... .......... .......... .......... .......... 16%  561M 2s
  3350K .......... .......... .......... .......... .......... 16%  642M 2s
  3400K .......... .......... .......... .......... .......... 16%  678M 2s
  3450K .......... .......... .......... .......... .......... 17% 1.55M 2s
  3500K .......... .......... .......... .......... .......... 17% 7.58M 2s
  3550K .......... .......... .......... .......... .......... 17% 49.4M 2s
  3600K .......... .......... .......... .......... .......... 17% 51.9M 2s
  3650K .......... .......... .......... .......... .......... 18%  186M 2s
  3700K .......... .......... .......... .......... .......... 18%  276M 2s
  3750K .......... .......... .......... .......... .......... 18% 34.1M 2s
  3800K .......... .......... .......... .......... .......... 18% 31.1M 2s
  3850K .......... .......... .......... .......... .......... 19%  828M 2s
  3900K .......... .......... .......... .......... .......... 19% 34.1M 2s
  3950K .......... .......... .......... .......... .......... 19% 23.4M 2s
  4000K .......... .......... .......... .......... .......... 19% 70.2M 2s
  4050K .......... .......... .......... .......... .......... 20%  751M 2s
  4100K .......... .......... .......... .......... .......... 20% 57.4M 2s
  4150K .......... .......... .......... .......... .......... 20%  574M 2s
  4200K .......... .......... .......... .......... .......... 20% 29.5M 2s
  4250K .......... .......... .......... .......... .......... 21%  173M 2s
  4300K .......... .......... .......... .......... .......... 21% 58.7M 2s
  4350K .......... .......... .......... .......... .......... 21%  828M 2s
  4400K .......... .......... .......... .......... .......... 21% 67.3M 2s
  4450K .......... .......... .......... .......... .......... 22% 36.1M 2s
  4500K .......... .......... .......... .......... .......... 22% 55.8M 2s
  4550K .......... .......... .......... .......... .......... 22% 39.3M 2s
  4600K .......... .......... .......... .......... .......... 22% 24.8M 2s
  4650K .......... .......... .......... .......... .......... 23%  219M 2s
  4700K .......... .......... .......... .......... .......... 23%  751M 2s
  4750K .......... .......... .......... .......... .......... 23%  642M 2s
  4800K .......... .......... .......... .......... .......... 23%  698M 2s
  4850K .......... .......... .......... .......... .......... 24%  904M 2s
  4900K .......... .......... .......... .......... .......... 24% 15.6M 2s
  4950K .......... .......... .......... .......... .......... 24%  729M 2s
  5000K .......... .......... .......... .......... .......... 24%  751M 1s
  5050K .......... .......... .......... .......... .......... 24%  788M 1s
  5100K .......... .......... .......... .......... .......... 25%  751M 1s
  5150K .......... .......... .......... .......... .......... 25%  135M 1s
  5200K .......... .......... .......... .......... .......... 25%  698M 1s
  5250K .......... .......... .......... .......... .......... 25%  100M 1s
  5300K .......... .......... .......... .......... .......... 26% 24.7M 1s
  5350K .......... .......... .......... .......... .......... 26%  814M 1s
  5400K .......... .......... .......... .......... .......... 26%  708M 1s
  5450K .......... .......... .......... .......... .......... 26%  135M 1s
  5500K .......... .......... .......... .......... .......... 27%  763M 1s
  5550K .......... .......... .......... .......... .......... 27%  751M 1s
  5600K .......... .......... .......... .......... .......... 27% 74.7M 1s
  5650K .......... .......... .......... .......... .......... 27% 84.6M 1s
  5700K .......... .......... .......... .......... .......... 28% 18.6M 1s
  5750K .......... .......... .......... .......... .......... 28%  603M 1s
  5800K .......... .......... .......... .......... .......... 28%  698M 1s
  5850K .......... .......... .......... .......... .......... 28%  763M 1s
  5900K .......... .......... .......... .......... .......... 29%  763M 1s
  5950K .......... .......... .......... .......... .......... 29%  143M 1s
  6000K .......... .......... .......... .......... .......... 29% 72.7M 1s
  6050K .......... .......... .......... .......... .......... 29%  740M 1s
  6100K .......... .......... .......... .......... .......... 30% 28.9M 1s
  6150K .......... .......... .......... .......... .......... 30%  678M 1s
  6200K .......... .......... .......... .......... .......... 30%  574M 1s
  6250K .......... .......... .......... .......... .......... 30% 88.1M 1s
  6300K .......... .......... .......... .......... .......... 31%  740M 1s
  6350K .......... .......... .......... .......... .......... 31% 18.4M 1s
  6400K .......... .......... .......... .......... .......... 31%  555M 1s
  6450K .......... .......... .......... .......... .......... 31%  688M 1s
  6500K .......... .......... .......... .......... .......... 32%  708M 1s
  6550K .......... .......... .......... .......... .......... 32%  729M 1s
  6600K .......... .......... .......... .......... .......... 32%  651M 1s
  6650K .......... .......... .......... .......... .......... 32% 93.5M 1s
  6700K .......... .......... .......... .......... .......... 33%  207M 1s
  6750K .......... .......... .......... .......... .......... 33%  729M 1s
  6800K .......... .......... .......... .......... .......... 33%  610M 1s
  6850K .......... .......... .......... .......... .......... 33% 52.9M 1s
  6900K .......... .......... .......... .......... .......... 34% 4.83M 1s
  6950K .......... .......... .......... .......... .......... 34% 6.10M 1s
  7000K .......... .......... .......... .......... .......... 34% 95.4M 1s
  7050K .......... .......... .......... .......... .......... 34%  669M 1s
  7100K .......... .......... .......... .......... .......... 35%  642M 1s
  7150K .......... .......... .......... .......... .......... 35% 40.9M 1s
  7200K .......... .......... .......... .......... .......... 35%  452M 1s
  7250K .......... .......... .......... .......... .......... 35% 82.2M 1s
  7300K .......... .......... .......... .......... .......... 36%  669M 1s
  7350K .......... .......... .......... .......... .......... 36% 42.2M 1s
  7400K .......... .......... .......... .......... .......... 36%  568M 1s
  7450K .......... .......... .......... .......... .......... 36% 34.7M 1s
  7500K .......... .......... .......... .......... .......... 36% 57.4M 1s
  7550K .......... .......... .......... .......... .......... 37%  323M 1s
  7600K .......... .......... .......... .......... .......... 37% 62.4M 1s
  7650K .......... .......... .......... .......... .......... 37% 72.6M 1s
  7700K .......... .......... .......... .......... .......... 37% 22.9M 1s
  7750K .......... .......... .......... .......... .......... 38%  669M 1s
  7800K .......... .......... .......... .......... .......... 38%  574M 1s
  7850K .......... .......... .......... .......... .......... 38%  634M 1s
  7900K .......... .......... .......... .......... .......... 38%  203M 1s
  7950K .......... .......... .......... .......... .......... 39% 46.6M 1s
  8000K .......... .......... .......... .......... .......... 39% 87.0M 1s
  8050K .......... .......... .......... .......... .......... 39% 85.1M 1s
  8100K .......... .......... .......... .......... .......... 39% 47.7M 1s
  8150K .......... .......... .......... .......... .......... 40%  678M 1s
  8200K .......... .......... .......... .......... .......... 40% 13.3M 1s
  8250K .......... .......... .......... .......... .......... 40%  610M 1s
  8300K .......... .......... .......... .......... .......... 40%  588M 1s
  8350K .......... .......... .......... .......... .......... 41%  610M 1s
  8400K .......... .......... .......... .......... .......... 41%  531M 1s
  8450K .......... .......... .......... .......... .......... 41% 39.5M 1s
  8500K .......... .......... .......... .......... .......... 41%  698M 1s
  8550K .......... .......... .......... .......... .......... 42%  150M 1s
  8600K .......... .......... .......... .......... .......... 42% 12.0M 1s
  8650K .......... .......... .......... .......... .......... 42%  660M 1s
  8700K .......... .......... .......... .......... .......... 42% 12.5M 1s
  8750K .......... .......... .......... .......... .......... 43%  698M 1s
  8800K .......... .......... .......... .......... .......... 43% 45.1M 1s
  8850K .......... .......... .......... .......... .......... 43%  144M 1s
  8900K .......... .......... .......... .......... .......... 43% 84.0M 1s
  8950K .......... .......... .......... .......... .......... 44%  708M 1s
  9000K .......... .......... .......... .......... .......... 44% 64.8M 1s
  9050K .......... .......... .......... .......... .......... 44%  105M 1s
  9100K .......... .......... .......... .......... .......... 44% 35.6M 1s
  9150K .......... .......... .......... .......... .......... 45%  181M 1s
  9200K .......... .......... .......... .......... .......... 45%  595M 1s
  9250K .......... .......... .......... .......... .......... 45% 66.0M 1s
  9300K .......... .......... .......... .......... .......... 45%  394M 1s
  9350K .......... .......... .......... .......... .......... 46% 19.1M 1s
  9400K .......... .......... .......... .......... .......... 46%  610M 1s
  9450K .......... .......... .......... .......... .......... 46%  740M 1s
  9500K .......... .......... .......... .......... .......... 46% 52.0M 1s
  9550K .......... .......... .......... .......... .......... 47%  688M 1s
  9600K .......... .......... .......... .......... .......... 47% 33.8M 1s
  9650K .......... .......... .......... .......... .......... 47% 64.4M 1s
  9700K .......... .......... .......... .......... .......... 47%  651M 1s
  9750K .......... .......... .......... .......... .......... 48%  109M 1s
  9800K .......... .......... .......... .......... .......... 48% 43.8M 1s
  9850K .......... .......... .......... .......... .......... 48%  410M 1s
  9900K .......... .......... .......... .......... .......... 48%  142M 1s
  9950K .......... .......... .......... .......... .......... 48% 49.2M 1s
 10000K .......... .......... .......... .......... .......... 49% 47.0M 1s
 10050K .......... .......... .......... .......... .......... 49% 18.8M 1s
 10100K .......... .......... .......... .......... .......... 49%  351M 1s
 10150K .......... .......... .......... .......... .......... 49% 30.6M 1s
 10200K .......... .......... .......... .......... .......... 50% 29.1M 1s
 10250K .......... .......... .......... .......... .......... 50% 28.5M 1s
 10300K .......... .......... .......... .......... .......... 50% 29.7M 1s
 10350K .......... .......... .......... .......... .......... 50% 15.8M 1s
 10400K .......... .......... .......... .......... .......... 51% 45.8M 1s
 10450K .......... .......... .......... .......... .......... 51%  588M 1s
 10500K .......... .......... .......... .......... .......... 51%  603M 1s
 10550K .......... .......... .......... .......... .......... 51%  626M 1s
 10600K .......... .......... .......... .......... .......... 52%  555M 1s
 10650K .......... .......... .......... .......... .......... 52%  618M 1s
 10700K .......... .......... .......... .......... .......... 52%  634M 1s
 10750K .......... .......... .......... .......... .......... 52%  669M 1s
 10800K .......... .......... .......... .......... .......... 53%  498M 1s
 10850K .......... .......... .......... .......... .......... 53%  651M 1s
 10900K .......... .......... .......... .......... .......... 53%  634M 1s
 10950K .......... .......... .......... .......... .......... 53%  708M 0s
 11000K .......... .......... .......... .......... .......... 54%  642M 0s
 11050K .......... .......... .......... .......... .......... 54% 7.29M 0s
 11100K .......... .......... .......... .......... .......... 54%  118M 0s
 11150K .......... .......... .......... .......... .......... 54% 31.0M 0s
 11200K .......... .......... .......... .......... .......... 55%  555M 0s
 11250K .......... .......... .......... .......... .......... 55%  718M 0s
 11300K .......... .......... .......... .......... .......... 55%  315M 0s
 11350K .......... .......... .......... .......... .......... 55% 32.6M 0s
 11400K .......... .......... .......... .......... .......... 56%  618M 0s
 11450K .......... .......... .......... .......... .......... 56% 41.1M 0s
 11500K .......... .......... .......... .......... .......... 56%  688M 0s
 11550K .......... .......... .......... .......... .......... 56%  116M 0s
 11600K .......... .......... .......... .......... .......... 57% 55.6M 0s
 11650K .......... .......... .......... .......... .......... 57%  243M 0s
 11700K .......... .......... .......... .......... .......... 57% 30.2M 0s
 11750K .......... .......... .......... .......... .......... 57%  678M 0s
 11800K .......... .......... .......... .......... .......... 58%  634M 0s
 11850K .......... .......... .......... .......... .......... 58%  121M 0s
 11900K .......... .......... .......... .......... .......... 58% 64.8M 0s
 11950K .......... .......... .......... .......... .......... 58%  109M 0s
 12000K .......... .......... .......... .......... .......... 59% 72.9M 0s
 12050K .......... .......... .......... .......... .......... 59% 16.6M 0s
 12100K .......... .......... .......... .......... .......... 59%  581M 0s
 12150K .......... .......... .......... .......... .......... 59%  610M 0s
 12200K .......... .......... .......... .......... .......... 60%  588M 0s
 12250K .......... .......... .......... .......... .......... 60%  642M 0s
 12300K .......... .......... .......... .......... .......... 60% 66.4M 0s
 12350K .......... .......... .......... .......... .......... 60%  660M 0s
 12400K .......... .......... .......... .......... .......... 60% 26.2M 0s
 12450K .......... .......... .......... .......... .......... 61%  669M 0s
 12500K .......... .......... .......... .......... .......... 61%  642M 0s
 12550K .......... .......... .......... .......... .......... 61% 41.0M 0s
 12600K .......... .......... .......... .......... .......... 61%  555M 0s
 12650K .......... .......... .......... .......... .......... 62%  642M 0s
 12700K .......... .......... .......... .......... .......... 62%  145M 0s
 12750K .......... .......... .......... .......... .......... 62%  574M 0s
 12800K .......... .......... .......... .......... .......... 62% 11.3M 0s
 12850K .......... .......... .......... .......... .......... 63%  555M 0s
 12900K .......... .......... .......... .......... .......... 63% 66.0M 0s
 12950K .......... .......... .......... .......... .......... 63% 41.9M 0s
 13000K .......... .......... .......... .......... .......... 63%  568M 0s
 13050K .......... .......... .......... .......... .......... 64% 42.6M 0s
 13100K .......... .......... .......... .......... .......... 64% 46.6M 0s
 13150K .......... .......... .......... .......... .......... 64%  610M 0s
 13200K .......... .......... .......... .......... .......... 64% 56.3M 0s
 13250K .......... .......... .......... .......... .......... 65% 69.3M 0s
 13300K .......... .......... .......... .......... .......... 65%  106M 0s
 13350K .......... .......... .......... .......... .......... 65% 36.2M 0s
 13400K .......... .......... .......... .......... .......... 65%  555M 0s
 13450K .......... .......... .......... .......... .......... 66% 23.8M 0s
 13500K .......... .......... .......... .......... .......... 66%  588M 0s
 13550K .......... .......... .......... .......... .......... 66%  568M 0s
 13600K .......... .......... .......... .......... .......... 66% 55.9M 0s
 13650K .......... .......... .......... .......... .......... 67%  261M 0s
 13700K .......... .......... .......... .......... .......... 67% 37.7M 0s
 13750K .......... .......... .......... .......... .......... 67% 42.2M 0s
 13800K .......... .......... .......... .......... .......... 67%  525M 0s
 13850K .......... .......... .......... .......... .......... 68%  610M 0s
 13900K .......... .......... .......... .......... .......... 68% 21.2M 0s
 13950K .......... .......... .......... .......... .......... 68%  634M 0s
 14000K .......... .......... .......... .......... .......... 68% 60.5M 0s
 14050K .......... .......... .......... .......... .......... 69% 12.4M 0s
 14100K .......... .......... .......... .......... .......... 69%  588M 0s
 14150K .......... .......... .......... .......... .......... 69%  626M 0s
 14200K .......... .......... .......... .......... .......... 69% 23.3M 0s
 14250K .......... .......... .......... .......... .......... 70% 60.4M 0s
 14300K .......... .......... .......... .......... .......... 70% 14.8M 0s
 14350K .......... .......... .......... .......... .......... 70% 33.4M 0s
 14400K .......... .......... .......... .......... .......... 70% 43.9M 0s
 14450K .......... .......... .......... .......... .......... 71%  549M 0s
 14500K .......... .......... .......... .......... .......... 71% 81.4M 0s
 14550K .......... .......... .......... .......... .......... 71% 26.9M 0s
 14600K .......... .......... .......... .......... .......... 71%  470M 0s
 14650K .......... .......... .......... .......... .......... 72%  549M 0s
 14700K .......... .......... .......... .......... .......... 72%  561M 0s
 14750K .......... .......... .......... .......... .......... 72%  159M 0s
 14800K .......... .......... .......... .......... .......... 72% 35.7M 0s
 14850K .......... .......... .......... .......... .......... 72%  537M 0s
 14900K .......... .......... .......... .......... .......... 73%  549M 0s
 14950K .......... .......... .......... .......... .......... 73% 16.9M 0s
 15000K .......... .......... .......... .......... .......... 73%  349M 0s
 15050K .......... .......... .......... .......... .......... 73%  549M 0s
 15100K .......... .......... .......... .......... .......... 74%  555M 0s
 15150K .......... .......... .......... .......... .......... 74%  118M 0s
 15200K .......... .......... .......... .......... .......... 74%  456M 0s
 15250K .......... .......... .......... .......... .......... 74% 31.9M 0s
 15300K .......... .......... .......... .......... .......... 75%  171M 0s
 15350K .......... .......... .......... .......... .......... 75%  465M 0s
 15400K .......... .......... .......... .......... .......... 75%  107M 0s
 15450K .......... .......... .......... .......... .......... 75% 62.8M 0s
 15500K .......... .......... .......... .......... .......... 76% 41.1M 0s
 15550K .......... .......... .......... .......... .......... 76%  470M 0s
 15600K .......... .......... .......... .......... .......... 76% 28.5M 0s
 15650K .......... .......... .......... .......... .......... 76%  514M 0s
 15700K .......... .......... .......... .......... .......... 77% 51.3M 0s
 15750K .......... .......... .......... .......... .......... 77%  105M 0s
 15800K .......... .......... .......... .......... .......... 77%  479M 0s
 15850K .......... .......... .......... .......... .......... 77%  117M 0s
 15900K .......... .......... .......... .......... .......... 78% 39.1M 0s
 15950K .......... .......... .......... .......... .......... 78%  537M 0s
 16000K .......... .......... .......... .......... .......... 78% 39.1M 0s
 16050K .......... .......... .......... .......... .......... 78%  503M 0s
 16100K .......... .......... .......... .......... .......... 79%  267M 0s
 16150K .......... .......... .......... .......... .......... 79% 18.8M 0s
 16200K .......... .......... .......... .......... .......... 79%  116M 0s
 16250K .......... .......... .......... .......... .......... 79% 57.6M 0s
 16300K .......... .......... .......... .......... .......... 80%  543M 0s
 16350K .......... .......... .......... .......... .......... 80% 9.84M 0s
 16400K .......... .......... .......... .......... .......... 80%  315M 0s
 16450K .......... .......... .......... .......... .......... 80%  503M 0s
 16500K .......... .......... .......... .......... .......... 81%  537M 0s
 16550K .......... .......... .......... .......... .......... 81%  483M 0s
 16600K .......... .......... .......... .......... .......... 81%  479M 0s
 16650K .......... .......... .......... .......... .......... 81%  498M 0s
 16700K .......... .......... .......... .......... .......... 82%  561M 0s
 16750K .......... .......... .......... .......... .......... 82%  561M 0s
 16800K .......... .......... .......... .......... .......... 82%  115M 0s
 16850K .......... .......... .......... .......... .......... 82% 67.2M 0s
 16900K .......... .......... .......... .......... .......... 83% 35.8M 0s
 16950K .......... .......... .......... .......... .......... 83%  519M 0s
 17000K .......... .......... .......... .......... .......... 83%  465M 0s
 17050K .......... .......... .......... .......... .......... 83% 30.6M 0s
 17100K .......... .......... .......... .......... .......... 84%  109M 0s
 17150K .......... .......... .......... .......... .......... 84%  239M 0s
 17200K .......... .......... .......... .......... .......... 84% 15.5M 0s
 17250K .......... .......... .......... .......... .......... 84%  498M 0s
 17300K .......... .......... .......... .......... .......... 84%  555M 0s
 17350K .......... .......... .......... .......... .......... 85%  555M 0s
 17400K .......... .......... .......... .......... .......... 85% 49.5M 0s
 17450K .......... .......... .......... .......... .......... 85%  440M 0s
 17500K .......... .......... .......... .......... .......... 85%  531M 0s
 17550K .......... .......... .......... .......... .......... 86% 92.7M 0s
 17600K .......... .......... .......... .......... .......... 86% 18.7M 0s
 17650K .......... .......... .......... .......... .......... 86%  444M 0s
 17700K .......... .......... .......... .......... .......... 86%  509M 0s
 17750K .......... .......... .......... .......... .......... 87%  555M 0s
 17800K .......... .......... .......... .......... .......... 87%  483M 0s
 17850K .......... .......... .......... .......... .......... 87%  123M 0s
 17900K .......... .......... .......... .......... .......... 87% 43.1M 0s
 17950K .......... .......... .......... .......... .......... 88%  555M 0s
 18000K .......... .......... .......... .......... .......... 88% 36.7M 0s
 18050K .......... .......... .......... .......... .......... 88% 93.2M 0s
 18100K .......... .......... .......... .......... .......... 88% 10.6M 0s
 18150K .......... .......... .......... .......... .......... 89%  172M 0s
 18200K .......... .......... .......... .......... .......... 89%  436M 0s
 18250K .......... .......... .......... .......... .......... 89%  421M 0s
 18300K .......... .......... .......... .......... .......... 89%  503M 0s
 18350K .......... .......... .......... .......... .......... 90% 9.32M 0s
 18400K .......... .......... .......... .......... .......... 90%  381M 0s
 18450K .......... .......... .......... .......... .......... 90% 58.8M 0s
 18500K .......... .......... .......... .......... .......... 90% 33.3M 0s
 18550K .......... .......... .......... .......... .......... 91% 42.8M 0s
 18600K .......... .......... .......... .......... .......... 91% 55.0M 0s
 18650K .......... .......... .......... .......... .......... 91%  498M 0s
 18700K .......... .......... .......... .......... .......... 91% 58.8M 0s
 18750K .......... .......... .......... .......... .......... 92%  185M 0s
 18800K .......... .......... .......... .......... .......... 92% 20.7M 0s
 18850K .......... .......... .......... .......... .......... 92%  158M 0s
 18900K .......... .......... .......... .......... .......... 92% 44.3M 0s
 18950K .......... .......... .......... .......... .......... 93%  483M 0s
 19000K .......... .......... .......... .......... .......... 93% 64.3M 0s
 19050K .......... .......... .......... .......... .......... 93%  493M 0s
 19100K .......... .......... .......... .......... .......... 93% 33.7M 0s
 19150K .......... .......... .......... .......... .......... 94%  479M 0s
 19200K .......... .......... .......... .......... .......... 94%  359M 0s
 19250K .......... .......... .......... .......... .......... 94% 48.1M 0s
 19300K .......... .......... .......... .......... .......... 94%  493M 0s
 19350K .......... .......... .......... .......... .......... 95% 38.5M 0s
 19400K .......... .......... .......... .......... .......... 95%  448M 0s
 19450K .......... .......... .......... .......... .......... 95% 42.8M 0s
 19500K .......... .......... .......... .......... .......... 95%  400M 0s
 19550K .......... .......... .......... .......... .......... 96% 44.6M 0s
 19600K .......... .......... .......... .......... .......... 96%  373M 0s
 19650K .......... .......... .......... .......... .......... 96% 52.6M 0s
 19700K .......... .......... .......... .......... .......... 96%  109M 0s
 19750K .......... .......... .......... .......... .......... 96% 67.9M 0s
 19800K .......... .......... .......... .......... .......... 97% 28.9M 0s
 19850K .......... .......... .......... .......... .......... 97%  493M 0s
 19900K .......... .......... .......... .......... .......... 97% 22.9M 0s
 19950K .......... .......... .......... .......... .......... 97%  470M 0s
 20000K .......... .......... .......... .......... .......... 98%  113M 0s
 20050K .......... .......... .......... .......... .......... 98% 31.2M 0s
 20100K .......... .......... .......... .......... .......... 98%  452M 0s
 20150K .......... .......... .......... .......... .......... 98%  479M 0s
 20200K .......... .......... .......... .......... .......... 99%  124M 0s
 20250K .......... .......... .......... .......... .......... 99%  125M 0s
 20300K .......... .......... .......... .......... .......... 99% 64.2M 0s
 20350K .......... .......... .......... .......... .......... 99%  169M 0s
 20400K .......... .....                                      100%  294M=0.7s

2022-10-21 08:38:13 (27.5 MB/s) - ‘kplr010419211-20160128150956_dvt.fits’ saved [20905920/20905920]

--2022-10-21 08:38:20--  http://exoplanetarchive.ipac.caltech.edu/data/ETSS//KeplerDV/005/715/03/kplr010419211_q1_q17_dr25_tce_01_dvt_lc.tbl
Resolving exoplanetarchive.ipac.caltech.edu (exoplanetarchive.ipac.caltech.edu)... 134.4.54.151
Connecting to exoplanetarchive.ipac.caltech.edu (exoplanetarchive.ipac.caltech.edu)|134.4.54.151|:80... connected.
HTTP request sent, awaiting response... 302 Found
Location: https://exoplanetarchive.ipac.caltech.edu/data/ETSS//KeplerDV/005/715/03/kplr010419211_q1_q17_dr25_tce_01_dvt_lc.tbl [following]
--2022-10-21 08:38:20--  https://exoplanetarchive.ipac.caltech.edu/data/ETSS//KeplerDV/005/715/03/kplr010419211_q1_q17_dr25_tce_01_dvt_lc.tbl
Connecting to exoplanetarchive.ipac.caltech.edu (exoplanetarchive.ipac.caltech.edu)|134.4.54.151|:443... connected.
HTTP request sent, awaiting response... 200 OK
Length: 10504116 (10M)
Saving to: ‘kplr010419211_q1_q17_dr25_tce_01_dvt_lc.tbl’

     0K .......... .......... .......... .......... ..........  0%  436K 23s
    50K .......... .......... .......... .......... ..........  0%  912K 17s
   100K .......... .......... .......... .......... ..........  1%  206M 11s
   150K .......... .......... .......... .......... ..........  1% 23.0M 9s
   200K .......... .......... .......... .......... ..........  2%  921K 9s
   250K .......... .......... .......... .......... ..........  2%  219M 8s
   300K .......... .......... .......... .......... ..........  3% 74.3M 6s
   350K .......... .......... .......... .......... ..........  3% 58.3M 6s
   400K .......... .......... .......... .......... ..........  4%  937K 6s
   450K .......... .......... .......... .......... ..........  4%  139M 5s
   500K .......... .......... .......... .......... ..........  5% 24.5M 5s
   550K .......... .......... .......... .......... ..........  5%  287M 5s
   600K .......... .......... .......... .......... ..........  6%  286M 4s
   650K .......... .......... .......... .......... ..........  6%  142M 4s
   700K .......... .......... .......... .......... ..........  7%  317M 4s
   750K .......... .......... .......... .......... ..........  7% 59.2M 3s
   800K .......... .......... .......... .......... ..........  8% 25.1M 3s
   850K .......... .......... .......... .......... ..........  8% 1000K 4s
   900K .......... .......... .......... .......... ..........  9%  130M 3s
   950K .......... .......... .......... .......... ..........  9% 62.8M 3s
  1000K .......... .......... .......... .......... .......... 10% 57.2M 3s
  1050K .......... .......... .......... .......... .......... 10%  270M 3s
  1100K .......... .......... .......... .......... .......... 11% 16.8M 3s
  1150K .......... .......... .......... .......... .......... 11%  258M 3s
  1200K .......... .......... .......... .......... .......... 12% 34.5M 2s
  1250K .......... .......... .......... .......... .......... 12% 90.1M 2s
  1300K .......... .......... .......... .......... .......... 13%  113M 2s
  1350K .......... .......... .......... .......... .......... 13% 54.2M 2s
  1400K .......... .......... .......... .......... .......... 14% 70.0M 2s
  1450K .......... .......... .......... .......... .......... 14%  267M 2s
  1500K .......... .......... .......... .......... .......... 15%  112M 2s
  1550K .......... .......... .......... .......... .......... 15% 97.5M 2s
  1600K .......... .......... .......... .......... .......... 16% 46.5M 2s
  1650K .......... .......... .......... .......... .......... 16%  261M 2s
  1700K .......... .......... .......... .......... .......... 17% 1.10M 2s
  1750K .......... .......... .......... .......... .......... 17% 71.2M 2s
  1800K .......... .......... .......... .......... .......... 18%  136M 2s
  1850K .......... .......... .......... .......... .......... 18% 80.3M 2s
  1900K .......... .......... .......... .......... .......... 19% 95.0M 2s
  1950K .......... .......... .......... .......... .......... 19%  228M 2s
  2000K .......... .......... .......... .......... .......... 19% 34.6M 2s
  2050K .......... .......... .......... .......... .......... 20% 20.5M 2s
  2100K .......... .......... .......... .......... .......... 20%  227M 2s
  2150K .......... .......... .......... .......... .......... 21%  120M 1s
  2200K .......... .......... .......... .......... .......... 21% 28.6M 1s
  2250K .......... .......... .......... .......... .......... 22%  211M 1s
  2300K .......... .......... .......... .......... .......... 22%  224M 1s
  2350K .......... .......... .......... .......... .......... 23%  218M 1s
  2400K .......... .......... .......... .......... .......... 23%  194M 1s
  2450K .......... .......... .......... .......... .......... 24% 19.8M 1s
  2500K .......... .......... .......... .......... .......... 24%  198M 1s
  2550K .......... .......... .......... .......... .......... 25%  219M 1s
  2600K .......... .......... .......... .......... .......... 25%  195M 1s
  2650K .......... .......... .......... .......... .......... 26%  227M 1s
  2700K .......... .......... .......... .......... .......... 26% 84.0M 1s
  2750K .......... .......... .......... .......... .......... 27%  218M 1s
  2800K .......... .......... .......... .......... .......... 27% 86.1M 1s
  2850K .......... .......... .......... .......... .......... 28% 60.2M 1s
  2900K .......... .......... .......... .......... .......... 28%  212M 1s
  2950K .......... .......... .......... .......... .......... 29% 34.8M 1s
  3000K .......... .......... .......... .......... .......... 29%  200M 1s
  3050K .......... .......... .......... .......... .......... 30%  221M 1s
  3100K .......... .......... .......... .......... .......... 30%  106M 1s
  3150K .......... .......... .......... .......... .......... 31%  228M 1s
  3200K .......... .......... .......... .......... .......... 31%  116M 1s
  3250K .......... .......... .......... .......... .......... 32% 29.8M 1s
  3300K .......... .......... .......... .......... .......... 32%  227M 1s
  3350K .......... .......... .......... .......... .......... 33%  219M 1s
  3400K .......... .......... .......... .......... .......... 33% 84.9M 1s
  3450K .......... .......... .......... .......... .......... 34%  230M 1s
  3500K .......... .......... .......... .......... .......... 34% 1.36M 1s
  3550K .......... .......... .......... .......... .......... 35%  190M 1s
  3600K .......... .......... .......... .......... .......... 35% 68.0M 1s
  3650K .......... .......... .......... .......... .......... 36% 44.8M 1s
  3700K .......... .......... .......... .......... .......... 36%  184M 1s
  3750K .......... .......... .......... .......... .......... 37% 82.2M 1s
  3800K .......... .......... .......... .......... .......... 37%  171M 1s
  3850K .......... .......... .......... .......... .......... 38% 38.3M 1s
  3900K .......... .......... .......... .......... .......... 38%  188M 1s
  3950K .......... .......... .......... .......... .......... 38% 81.0M 1s
  4000K .......... .......... .......... .......... .......... 39% 19.0M 1s
  4050K .......... .......... .......... .......... .......... 39%  191M 1s
  4100K .......... .......... .......... .......... .......... 40% 79.5M 1s
  4150K .......... .......... .......... .......... .......... 40% 52.3M 1s
  4200K .......... .......... .......... .......... .......... 41%  142M 1s
  4250K .......... .......... .......... .......... .......... 41% 68.8M 1s
  4300K .......... .......... .......... .......... .......... 42%  160M 1s
  4350K .......... .......... .......... .......... .......... 42%  163M 1s
  4400K .......... .......... .......... .......... .......... 43% 45.7M 1s
  4450K .......... .......... .......... .......... .......... 43% 71.3M 1s
  4500K .......... .......... .......... .......... .......... 44% 60.4M 1s
  4550K .......... .......... .......... .......... .......... 44%  160M 1s
  4600K .......... .......... .......... .......... .......... 45%  106M 1s
  4650K .......... .......... .......... .......... .......... 45% 35.3M 1s
  4700K .......... .......... .......... .......... .......... 46%  159M 1s
  4750K .......... .......... .......... .......... .......... 46%  155M 1s
  4800K .......... .......... .......... .......... .......... 47% 83.5M 1s
  4850K .......... .......... .......... .......... .......... 47%  162M 1s
  4900K .......... .......... .......... .......... .......... 48% 86.9M 1s
  4950K .......... .......... .......... .......... .......... 48%  160M 0s
  5000K .......... .......... .......... .......... .......... 49%  105M 0s
  5050K .......... .......... .......... .......... .......... 49% 38.4M 0s
  5100K .......... .......... .......... .......... .......... 50%  193M 0s
  5150K .......... .......... .......... .......... .......... 50%  195M 0s
  5200K .......... .......... .......... .......... .......... 51% 77.0M 0s
  5250K .......... .......... .......... .......... .......... 51%  200M 0s
  5300K .......... .......... .......... .......... .......... 52%  110M 0s
  5350K .......... .......... .......... .......... .......... 52%  198M 0s
  5400K .......... .......... .......... .......... .......... 53%  174M 0s
  5450K .......... .......... .......... .......... .......... 53%  102M 0s
  5500K .......... .......... .......... .......... .......... 54% 86.3M 0s
  5550K .......... .......... .......... .......... .......... 54% 18.3M 0s
  5600K .......... .......... .......... .......... .......... 55%  162M 0s
  5650K .......... .......... .......... .......... .......... 55%  187M 0s
  5700K .......... .......... .......... .......... .......... 56%  199M 0s
  5750K .......... .......... .......... .......... .......... 56%  191M 0s
  5800K .......... .......... .......... .......... .......... 57%  171M 0s
  5850K .......... .......... .......... .......... .......... 57%  196M 0s
  5900K .......... .......... .......... .......... .......... 58%  200M 0s
  5950K .......... .......... .......... .......... .......... 58%  200M 0s
  6000K .......... .......... .......... .......... .......... 58% 49.4M 0s
  6050K .......... .......... .......... .......... .......... 59%  223M 0s
  6100K .......... .......... .......... .......... .......... 59%  229M 0s
  6150K .......... .......... .......... .......... .......... 60%  235M 0s
  6200K .......... .......... .......... .......... .......... 60%  207M 0s
  6250K .......... .......... .......... .......... .......... 61% 24.2M 0s
  6300K .......... .......... .......... .......... .......... 61%  221M 0s
  6350K .......... .......... .......... .......... .......... 62%  220M 0s
  6400K .......... .......... .......... .......... .......... 62%  189M 0s
  6450K .......... .......... .......... .......... .......... 63%  176M 0s
  6500K .......... .......... .......... .......... .......... 63%  167M 0s
  6550K .......... .......... .......... .......... .......... 64%  225M 0s
  6600K .......... .......... .......... .......... .......... 64%  203M 0s
  6650K .......... .......... .......... .......... .......... 65% 82.9M 0s
  6700K .......... .......... .......... .......... .......... 65%  169M 0s
  6750K .......... .......... .......... .......... .......... 66%  119M 0s
  6800K .......... .......... .......... .......... .......... 66%  187M 0s
  6850K .......... .......... .......... .......... .......... 67% 94.3M 0s
  6900K .......... .......... .......... .......... .......... 67%  210M 0s
  6950K .......... .......... .......... .......... .......... 68% 61.4M 0s
  7000K .......... .......... .......... .......... .......... 68% 2.61M 0s
  7050K .......... .......... .......... .......... .......... 69%  162M 0s
  7100K .......... .......... .......... .......... .......... 69% 28.7M 0s
  7150K .......... .......... .......... .......... .......... 70%  160M 0s
  7200K .......... .......... .......... .......... .......... 70% 35.7M 0s
  7250K .......... .......... .......... .......... .......... 71% 37.9M 0s
  7300K .......... .......... .......... .......... .......... 71%  203M 0s
  7350K .......... .......... .......... .......... .......... 72%  132M 0s
  7400K .......... .......... .......... .......... .......... 72%  202M 0s
  7450K .......... .......... .......... .......... .......... 73%  111M 0s
  7500K .......... .......... .......... .......... .......... 73% 69.0M 0s
  7550K .......... .......... .......... .......... .......... 74% 30.6M 0s
  7600K .......... .......... .......... .......... .......... 74%  190M 0s
  7650K .......... .......... .......... .......... .......... 75%  145M 0s
  7700K .......... .......... .......... .......... .......... 75% 24.8M 0s
  7750K .......... .......... .......... .......... .......... 76%  200M 0s
  7800K .......... .......... .......... .......... .......... 76%  171M 0s
  7850K .......... .......... .......... .......... .......... 77%  223M 0s
  7900K .......... .......... .......... .......... .......... 77%  135M 0s
  7950K .......... .......... .......... .......... .......... 77%  152M 0s
  8000K .......... .......... .......... .......... .......... 78%  192M 0s
  8050K .......... .......... .......... .......... .......... 78%  109M 0s
  8100K .......... .......... .......... .......... .......... 79% 74.1M 0s
  8150K .......... .......... .......... .......... .......... 79%  229M 0s
  8200K .......... .......... .......... .......... .......... 80% 32.1M 0s
  8250K .......... .......... .......... .......... .......... 80%  220M 0s
  8300K .......... .......... .......... .......... .......... 81%  154M 0s
  8350K .......... .......... .......... .......... .......... 81%  215M 0s
  8400K .......... .......... .......... .......... .......... 82% 78.4M 0s
  8450K .......... .......... .......... .......... .......... 82%  209M 0s
  8500K .......... .......... .......... .......... .......... 83% 30.4M 0s
  8550K .......... .......... .......... .......... .......... 83%  210M 0s
  8600K .......... .......... .......... .......... .......... 84%  200M 0s
  8650K .......... .......... .......... .......... .......... 84%  233M 0s
  8700K .......... .......... .......... .......... .......... 85% 76.7M 0s
  8750K .......... .......... .......... .......... .......... 85%  226M 0s
  8800K .......... .......... .......... .......... .......... 86% 38.4M 0s
  8850K .......... .......... .......... .......... .......... 86%  161M 0s
  8900K .......... .......... .......... .......... .......... 87%  117M 0s
  8950K .......... .......... .......... .......... .......... 87% 34.6M 0s
  9000K .......... .......... .......... .......... .......... 88%  197M 0s
  9050K .......... .......... .......... .......... .......... 88%  233M 0s
  9100K .......... .......... .......... .......... .......... 89% 85.7M 0s
  9150K .......... .......... .......... .......... .......... 89%  231M 0s
  9200K .......... .......... .......... .......... .......... 90%  191M 0s
  9250K .......... .......... .......... .......... .......... 90% 55.4M 0s
  9300K .......... .......... .......... .......... .......... 91% 41.1M 0s
  9350K .......... .......... .......... .......... .......... 91%  105M 0s
  9400K .......... .......... .......... .......... .......... 92% 75.8M 0s
  9450K .......... .......... .......... .......... .......... 92% 75.2M 0s
  9500K .......... .......... .......... .......... .......... 93%  231M 0s
  9550K .......... .......... .......... .......... .......... 93% 51.4M 0s
  9600K .......... .......... .......... .......... .......... 94% 31.4M 0s
  9650K .......... .......... .......... .......... .......... 94% 52.2M 0s
  9700K .......... .......... .......... .......... .......... 95%  224M 0s
  9750K .......... .......... .......... .......... .......... 95%  180M 0s
  9800K .......... .......... .......... .......... .......... 96% 47.0M 0s
  9850K .......... .......... .......... .......... .......... 96%  184M 0s
  9900K .......... .......... .......... .......... .......... 96% 47.1M 0s
  9950K .......... .......... .......... .......... .......... 97%  177M 0s
 10000K .......... .......... .......... .......... .......... 97% 72.8M 0s
 10050K .......... .......... .......... .......... .......... 98% 70.4M 0s
 10100K .......... .......... .......... .......... .......... 98%  142M 0s
 10150K .......... .......... .......... .......... .......... 99%  161M 0s
 10200K .......... .......... .......... .......... .......... 99% 24.8M 0s
 10250K .......                                               100%  111M=0.5s

2022-10-21 08:38:21 (18.4 MB/s) - ‘kplr010419211_q1_q17_dr25_tce_01_dvt_lc.tbl’ saved [10504116/10504116]

--2022-10-21 08:38:26--  http://exoplanetarchive.ipac.caltech.edu/data/ETSS//KeplerDV/005/712/58/kplr010419211-20160128150956_dvt.fits
Resolving exoplanetarchive.ipac.caltech.edu (exoplanetarchive.ipac.caltech.edu)... 134.4.54.151
Connecting to exoplanetarchive.ipac.caltech.edu (exoplanetarchive.ipac.caltech.edu)|134.4.54.151|:80... connected.
HTTP request sent, awaiting response... 302 Found
Location: https://exoplanetarchive.ipac.caltech.edu/data/ETSS//KeplerDV/005/712/58/kplr010419211-20160128150956_dvt.fits [following]
--2022-10-21 08:38:27--  https://exoplanetarchive.ipac.caltech.edu/data/ETSS//KeplerDV/005/712/58/kplr010419211-20160128150956_dvt.fits
Connecting to exoplanetarchive.ipac.caltech.edu (exoplanetarchive.ipac.caltech.edu)|134.4.54.151|:443... connected.
HTTP request sent, awaiting response... 200 OK
Length: 20905920 (20M) [image/fits]
Saving to: ‘kplr010419211-20160128150956_dvt.fits’

     0K .......... .......... .......... .......... ..........  0%  436K 47s
    50K .......... .......... .......... .......... ..........  0%  889K 35s
   100K .......... .......... .......... .......... ..........  0% 95.6M 23s
   150K .......... .......... .......... .......... ..........  0% 63.1M 17s
   200K .......... .......... .......... .......... ..........  1%  928K 18s
   250K .......... .......... .......... .......... ..........  1% 50.4M 15s
   300K .......... .......... .......... .......... ..........  1% 14.1M 13s
   350K .......... .......... .......... .......... ..........  1% 26.2M 12s
   400K .......... .......... .......... .......... ..........  2% 1.03M 12s
   450K .......... .......... .......... .......... ..........  2% 14.7M 11s
   500K .......... .......... .......... .......... ..........  2%  233M 10s
   550K .......... .......... .......... .......... ..........  2% 43.0M 9s
   600K .......... .......... .......... .......... ..........  3% 32.2M 9s
   650K .......... .......... .......... .......... ..........  3% 37.6M 8s
   700K .......... .......... .......... .......... ..........  3%  273M 8s
   750K .......... .......... .......... .......... ..........  3% 32.4M 7s
   800K .......... .......... .......... .......... ..........  4% 22.5M 7s
   850K .......... .......... .......... .......... ..........  4% 1.00M 7s
   900K .......... .......... .......... .......... ..........  4% 45.6M 7s
   950K .......... .......... .......... .......... ..........  4% 65.9M 7s
  1000K .......... .......... .......... .......... ..........  5% 38.7M 6s
  1050K .......... .......... .......... .......... ..........  5% 26.3M 6s
  1100K .......... .......... .......... .......... ..........  5%  231M 6s
  1150K .......... .......... .......... .......... ..........  5%  157M 6s
  1200K .......... .......... .......... .......... ..........  6%  201M 5s
  1250K .......... .......... .......... .......... ..........  6%  256M 5s
  1300K .......... .......... .......... .......... ..........  6%  257M 5s
  1350K .......... .......... .......... .......... ..........  6%  257M 5s
  1400K .......... .......... .......... .......... ..........  7%  234M 5s
  1450K .......... .......... .......... .......... ..........  7% 95.6M 4s
  1500K .......... .......... .......... .......... ..........  7%  100M 4s
  1550K .......... .......... .......... .......... ..........  7% 80.0M 4s
  1600K .......... .......... .......... .......... ..........  8%  194M 4s
  1650K .......... .......... .......... .......... ..........  8% 78.5M 4s
  1700K .......... .......... .......... .......... ..........  8% 1.08M 4s
  1750K .......... .......... .......... .......... ..........  8% 81.4M 4s
  1800K .......... .......... .......... .......... ..........  9% 13.1M 4s
  1850K .......... .......... .......... .......... ..........  9%  249M 4s
  1900K .......... .......... .......... .......... ..........  9% 63.2M 4s
  1950K .......... .......... .......... .......... ..........  9% 34.3M 4s
  2000K .......... .......... .......... .......... .......... 10%  234M 4s
  2050K .......... .......... .......... .......... .......... 10% 48.1M 4s
  2100K .......... .......... .......... .......... .......... 10% 37.9M 3s
  2150K .......... .......... .......... .......... .......... 10%  100M 3s
  2200K .......... .......... .......... .......... .......... 11% 45.6M 3s
  2250K .......... .......... .......... .......... .......... 11% 36.7M 3s
  2300K .......... .......... .......... .......... .......... 11% 91.1M 3s
  2350K .......... .......... .......... .......... .......... 11% 68.0M 3s
  2400K .......... .......... .......... .......... .......... 12% 93.5M 3s
  2450K .......... .......... .......... .......... .......... 12% 72.3M 3s
  2500K .......... .......... .......... .......... .......... 12% 49.3M 3s
  2550K .......... .......... .......... .......... .......... 12% 79.0M 3s
  2600K .......... .......... .......... .......... .......... 12%  224M 3s
  2650K .......... .......... .......... .......... .......... 13% 99.9M 3s
  2700K .......... .......... .......... .......... .......... 13%  256M 3s
  2750K .......... .......... .......... .......... .......... 13%  100M 3s
  2800K .......... .......... .......... .......... .......... 13% 55.2M 3s
  2850K .......... .......... .......... .......... .......... 14%  216M 2s
  2900K .......... .......... .......... .......... .......... 14% 89.4M 2s
  2950K .......... .......... .......... .......... .......... 14%  279M 2s
  3000K .......... .......... .......... .......... .......... 14%  159M 2s
  3050K .......... .......... .......... .......... .......... 15%  108M 2s
  3100K .......... .......... .......... .......... .......... 15% 68.0M 2s
  3150K .......... .......... .......... .......... .......... 15% 90.1M 2s
  3200K .......... .......... .......... .......... .......... 15% 18.1M 2s
  3250K .......... .......... .......... .......... .......... 16%  303M 2s
  3300K .......... .......... .......... .......... .......... 16%  311M 2s
  3350K .......... .......... .......... .......... .......... 16%  279M 2s
  3400K .......... .......... .......... .......... .......... 16%  277M 2s
  3450K .......... .......... .......... .......... .......... 17%  287M 2s
  3500K .......... .......... .......... .......... .......... 17% 1.56M 2s
  3550K .......... .......... .......... .......... .......... 17% 13.2M 2s
  3600K .......... .......... .......... .......... .......... 17%  241M 2s
  3650K .......... .......... .......... .......... .......... 18% 78.5M 2s
  3700K .......... .......... .......... .......... .......... 18% 32.3M 2s
  3750K .......... .......... .......... .......... .......... 18% 28.1M 2s
  3800K .......... .......... .......... .......... .......... 18% 38.1M 2s
  3850K .......... .......... .......... .......... .......... 19% 76.9M 2s
  3900K .......... .......... .......... .......... .......... 19% 41.4M 2s
  3950K .......... .......... .......... .......... .......... 19%  289M 2s
  4000K .......... .......... .......... .......... .......... 19% 38.3M 2s
  4050K .......... .......... .......... .......... .......... 20%  221M 2s
  4100K .......... .......... .......... .......... .......... 20%  301M 2s
  4150K .......... .......... .......... .......... .......... 20% 40.3M 2s
  4200K .......... .......... .......... .......... .......... 20%  270M 2s
  4250K .......... .......... .......... .......... .......... 21%  119M 2s
  4300K .......... .......... .......... .......... .......... 21% 40.2M 2s
  4350K .......... .......... .......... .......... .......... 21%  301M 2s
  4400K .......... .......... .......... .......... .......... 21%  198M 2s
  4450K .......... .......... .......... .......... .......... 22% 71.5M 2s
  4500K .......... .......... .......... .......... .......... 22%  205M 2s
  4550K .......... .......... .......... .......... .......... 22% 83.2M 2s
  4600K .......... .......... .......... .......... .......... 22% 86.3M 2s
  4650K .......... .......... .......... .......... .......... 23% 64.1M 2s
  4700K .......... .......... .......... .......... .......... 23%  313M 2s
  4750K .......... .......... .......... .......... .......... 23% 38.1M 2s
  4800K .......... .......... .......... .......... .......... 23%  216M 2s
  4850K .......... .......... .......... .......... .......... 24%  263M 1s
  4900K .......... .......... .......... .......... .......... 24% 75.5M 1s
  4950K .......... .......... .......... .......... .......... 24% 93.7M 1s
  5000K .......... .......... .......... .......... .......... 24%  196M 1s
  5050K .......... .......... .......... .......... .......... 24%  129M 1s
  5100K .......... .......... .......... .......... .......... 25%  254M 1s
  5150K .......... .......... .......... .......... .......... 25%  152M 1s
  5200K .......... .......... .......... .......... .......... 25% 17.9M 1s
  5250K .......... .......... .......... .......... .......... 25%  157M 1s
  5300K .......... .......... .......... .......... .......... 26% 87.5M 1s
  5350K .......... .......... .......... .......... .......... 26%  243M 1s
  5400K .......... .......... .......... .......... .......... 26%  223M 1s
  5450K .......... .......... .......... .......... .......... 26%  252M 1s
  5500K .......... .......... .......... .......... .......... 27%  252M 1s
  5550K .......... .......... .......... .......... .......... 27% 82.9M 1s
  5600K .......... .......... .......... .......... .......... 27%  103M 1s
  5650K .......... .......... .......... .......... .......... 27% 69.1M 1s
  5700K .......... .......... .......... .......... .......... 28%  298M 1s
  5750K .......... .......... .......... .......... .......... 28% 80.0M 1s
  5800K .......... .......... .......... .......... .......... 28%  243M 1s
  5850K .......... .......... .......... .......... .......... 28% 23.4M 1s
  5900K .......... .......... .......... .......... .......... 29%  248M 1s
  5950K .......... .......... .......... .......... .......... 29%  303M 1s
  6000K .......... .......... .......... .......... .......... 29%  191M 1s
  6050K .......... .......... .......... .......... .......... 29%  287M 1s
  6100K .......... .......... .......... .......... .......... 30%  159M 1s
  6150K .......... .......... .......... .......... .......... 30% 62.0M 1s
  6200K .......... .......... .......... .......... .......... 30%  241M 1s
  6250K .......... .......... .......... .......... .......... 30%  315M 1s
  6300K .......... .......... .......... .......... .......... 31%  303M 1s
  6350K .......... .......... .......... .......... .......... 31%  169M 1s
  6400K .......... .......... .......... .......... .......... 31%  261M 1s
  6450K .......... .......... .......... .......... .......... 31% 82.2M 1s
  6500K .......... .......... .......... .......... .......... 32% 30.3M 1s
  6550K .......... .......... .......... .......... .......... 32%  213M 1s
  6600K .......... .......... .......... .......... .......... 32%  235M 1s
  6650K .......... .......... .......... .......... .......... 32%  264M 1s
  6700K .......... .......... .......... .......... .......... 33% 98.0M 1s
  6750K .......... .......... .......... .......... .......... 33%  113M 1s
  6800K .......... .......... .......... .......... .......... 33%  117M 1s
  6850K .......... .......... .......... .......... .......... 33%  261M 1s
  6900K .......... .......... .......... .......... .......... 34% 2.97M 1s
  6950K .......... .......... .......... .......... .......... 34% 91.8M 1s
  7000K .......... .......... .......... .......... .......... 34% 85.4M 1s
  7050K .......... .......... .......... .......... .......... 34% 61.4M 1s
  7100K .......... .......... .......... .......... .......... 35% 25.1M 1s
  7150K .......... .......... .......... .......... .......... 35%  217M 1s
  7200K .......... .......... .......... .......... .......... 35% 79.7M 1s
  7250K .......... .......... .......... .......... .......... 35% 19.6M 1s
  7300K .......... .......... .......... .......... .......... 36%  203M 1s
  7350K .......... .......... .......... .......... .......... 36%  152M 1s
  7400K .......... .......... .......... .......... .......... 36% 81.5M 1s
  7450K .......... .......... .......... .......... .......... 36% 28.9M 1s
  7500K .......... .......... .......... .......... .......... 36%  291M 1s
  7550K .......... .......... .......... .......... .......... 37% 83.6M 1s
  7600K .......... .......... .......... .......... .......... 37% 76.9M 1s
  7650K .......... .......... .......... .......... .......... 37% 32.4M 1s
  7700K .......... .......... .......... .......... .......... 37%  284M 1s
  7750K .......... .......... .......... .......... .......... 38%  309M 1s
  7800K .......... .......... .......... .......... .......... 38% 51.9M 1s
  7850K .......... .......... .......... .......... .......... 38% 65.7M 1s
  7900K .......... .......... .......... .......... .......... 38% 56.2M 1s
  7950K .......... .......... .......... .......... .......... 39%  191M 1s
  8000K .......... .......... .......... .......... .......... 39% 34.6M 1s
  8050K .......... .......... .......... .......... .......... 39%  112M 1s
  8100K .......... .......... .......... .......... .......... 39% 60.2M 1s
  8150K .......... .......... .......... .......... .......... 40%  192M 1s
  8200K .......... .......... .......... .......... .......... 40% 9.96M 1s
  8250K .......... .......... .......... .......... .......... 40%  379M 1s
  8300K .......... .......... .......... .......... .......... 40%  474M 1s
  8350K .......... .......... .......... .......... .......... 41%  479M 1s
  8400K .......... .......... .......... .......... .......... 41%  384M 1s
  8450K .......... .......... .......... .......... .......... 41%  461M 1s
  8500K .......... .......... .......... .......... .......... 41%  474M 1s
  8550K .......... .......... .......... .......... .......... 42%  498M 1s
  8600K .......... .......... .......... .......... .......... 42%  444M 1s
  8650K .......... .......... .......... .......... .......... 42%  470M 1s
  8700K .......... .......... .......... .......... .......... 42%  498M 1s
  8750K .......... .......... .......... .......... .......... 43%  509M 1s
  8800K .......... .......... .......... .......... .......... 43%  109M 1s
  8850K .......... .......... .......... .......... .......... 43%  407M 1s
  8900K .......... .......... .......... .......... .......... 43% 25.5M 1s
  8950K .......... .......... .......... .......... .......... 44%  474M 1s
  9000K .......... .......... .......... .......... .......... 44%  410M 1s
  9050K .......... .......... .......... .......... .......... 44%  483M 1s
  9100K .......... .......... .......... .......... .......... 44% 78.5M 1s
  9150K .......... .......... .......... .......... .......... 45%  448M 1s
  9200K .......... .......... .......... .......... .......... 45% 50.1M 1s
  9250K .......... .......... .......... .......... .......... 45%  384M 1s
  9300K .......... .......... .......... .......... .......... 45% 3.57M 1s
  9350K .......... .......... .......... .......... .......... 46%  421M 1s
  9400K .......... .......... .......... .......... .......... 46%  394M 1s
  9450K .......... .......... .......... .......... .......... 46%  456M 1s
  9500K .......... .......... .......... .......... .......... 46% 17.9M 1s
  9550K .......... .......... .......... .......... .......... 47%  479M 1s
  9600K .......... .......... .......... .......... .......... 47%  359M 1s
  9650K .......... .......... .......... .......... .......... 47%  488M 1s
  9700K .......... .......... .......... .......... .......... 47%  483M 1s
  9750K .......... .......... .......... .......... .......... 48% 49.2M 1s
  9800K .......... .......... .......... .......... .......... 48% 29.9M 1s
  9850K .......... .......... .......... .......... .......... 48%  432M 1s
  9900K .......... .......... .......... .......... .......... 48%  428M 1s
  9950K .......... .......... .......... .......... .......... 48%  410M 1s
 10000K .......... .......... .......... .......... .......... 49%  153M 1s
 10050K .......... .......... .......... .......... .......... 49% 25.0M 1s
 10100K .......... .......... .......... .......... .......... 49%  364M 1s
 10150K .......... .......... .......... .......... .......... 49%  400M 1s
 10200K .......... .......... .......... .......... .......... 50%  397M 1s
 10250K .......... .......... .......... .......... .......... 50%  414M 1s
 10300K .......... .......... .......... .......... .......... 50%  354M 1s
 10350K .......... .......... .......... .......... .......... 50%  307M 1s
 10400K .......... .......... .......... .......... .......... 51%  359M 1s
 10450K .......... .......... .......... .......... .......... 51% 23.0M 1s
 10500K .......... .......... .......... .......... .......... 51%  292M 1s
 10550K .......... .......... .......... .......... .......... 51%  303M 1s
 10600K .......... .......... .......... .......... .......... 52%  276M 1s
 10650K .......... .......... .......... .......... .......... 52%  311M 1s
 10700K .......... .......... .......... .......... .......... 52%  313M 1s
 10750K .......... .......... .......... .......... .......... 52% 87.3M 1s
 10800K .......... .......... .......... .......... .......... 53%  254M 0s
 10850K .......... .......... .......... .......... .......... 53%  263M 0s
 10900K .......... .......... .......... .......... .......... 53% 37.5M 0s
 10950K .......... .......... .......... .......... .......... 53%  376M 0s
 11000K .......... .......... .......... .......... .......... 54% 53.0M 0s
 11050K .......... .......... .......... .......... .......... 54% 26.0M 0s
 11100K .......... .......... .......... .......... .......... 54%  397M 0s
 11150K .......... .......... .......... .......... .......... 54%  373M 0s
 11200K .......... .......... .......... .......... .......... 55%  337M 0s
 11250K .......... .......... .......... .......... .......... 55% 29.3M 0s
 11300K .......... .......... .......... .......... .......... 55% 39.5M 0s
 11350K .......... .......... .......... .......... .......... 55%  136M 0s
 11400K .......... .......... .......... .......... .......... 56% 33.4M 0s
 11450K .......... .......... .......... .......... .......... 56% 27.6M 0s
 11500K .......... .......... .......... .......... .......... 56% 42.2M 0s
 11550K .......... .......... .......... .......... .......... 56%  425M 0s
 11600K .......... .......... .......... .......... .......... 57% 51.1M 0s
 11650K .......... .......... .......... .......... .......... 57%  394M 0s
 11700K .......... .......... .......... .......... .......... 57% 52.1M 0s
 11750K .......... .......... .......... .......... .......... 57% 21.3M 0s
 11800K .......... .......... .......... .......... .......... 58%  203M 0s
 11850K .......... .......... .......... .......... .......... 58%  432M 0s
 11900K .......... .......... .......... .......... .......... 58%  119M 0s
 11950K .......... .......... .......... .......... .......... 58% 36.0M 0s
 12000K .......... .......... .......... .......... .......... 59%  344M 0s
 12050K .......... .......... .......... .......... .......... 59% 6.05M 0s
 12100K .......... .......... .......... .......... .......... 59%  156M 0s
 12150K .......... .......... .......... .......... .......... 59%  397M 0s
 12200K .......... .......... .......... .......... .......... 60% 61.8M 0s
 12250K .......... .......... .......... .......... .......... 60% 65.8M 0s
 12300K .......... .......... .......... .......... .......... 60% 32.4M 0s
 12350K .......... .......... .......... .......... .......... 60%  228M 0s
 12400K .......... .......... .......... .......... .......... 60%  256M 0s
 12450K .......... .......... .......... .......... .......... 61% 96.3M 0s
 12500K .......... .......... .......... .......... .......... 61% 34.3M 0s
 12550K .......... .......... .......... .......... .......... 61%  286M 0s
 12600K .......... .......... .......... .......... .......... 61% 91.8M 0s
 12650K .......... .......... .......... .......... .......... 62%  313M 0s
 12700K .......... .......... .......... .......... .......... 62% 51.9M 0s
 12750K .......... .......... .......... .......... .......... 62% 62.9M 0s
 12800K .......... .......... .......... .......... .......... 62% 61.2M 0s
 12850K .......... .......... .......... .......... .......... 63% 88.9M 0s
 12900K .......... .......... .......... .......... .......... 63%  307M 0s
 12950K .......... .......... .......... .......... .......... 63% 33.0M 0s
 13000K .......... .......... .......... .......... .......... 63%  313M 0s
 13050K .......... .......... .......... .......... .......... 64%  367M 0s
 13100K .......... .......... .......... .......... .......... 64%  373M 0s
 13150K .......... .......... .......... .......... .......... 64%  354M 0s
 13200K .......... .......... .......... .......... .......... 64% 45.2M 0s
 13250K .......... .......... .......... .......... .......... 65%  364M 0s
 13300K .......... .......... .......... .......... .......... 65%  370M 0s
 13350K .......... .......... .......... .......... .......... 65% 3.32M 0s
 13400K .......... .......... .......... .......... .......... 65%  100M 0s
 13450K .......... .......... .......... .......... .......... 66%  356M 0s
 13500K .......... .......... .......... .......... .......... 66% 61.3M 0s
 13550K .......... .......... .......... .......... .......... 66% 56.8M 0s
 13600K .......... .......... .......... .......... .......... 66%  111M 0s
 13650K .......... .......... .......... .......... .......... 67% 22.5M 0s
 13700K .......... .......... .......... .......... .......... 67%  339M 0s
 13750K .......... .......... .......... .......... .......... 67%  362M 0s
 13800K .......... .......... .......... .......... .......... 67%  321M 0s
 13850K .......... .......... .......... .......... .......... 68% 57.8M 0s
 13900K .......... .......... .......... .......... .......... 68%  362M 0s
 13950K .......... .......... .......... .......... .......... 68% 15.9M 0s
 14000K .......... .......... .......... .......... .......... 68%  307M 0s
 14050K .......... .......... .......... .......... .......... 69% 22.2M 0s
 14100K .......... .......... .......... .......... .......... 69%  346M 0s
 14150K .......... .......... .......... .......... .......... 69% 14.6M 0s
 14200K .......... .......... .......... .......... .......... 69% 47.1M 0s
 14250K .......... .......... .......... .......... .......... 70% 24.5M 0s
 14300K .......... .......... .......... .......... .......... 70%  125M 0s
 14350K .......... .......... .......... .......... .......... 70%  470M 0s
 14400K .......... .......... .......... .......... .......... 70% 16.1M 0s
 14450K .......... .......... .......... .......... .......... 71% 52.3M 0s
 14500K .......... .......... .......... .......... .......... 71% 69.6M 0s
 14550K .......... .......... .......... .......... .......... 71%  440M 0s
 14600K .......... .......... .......... .......... .......... 71%  421M 0s
 14650K .......... .......... .......... .......... .......... 72%  498M 0s
 14700K .......... .......... .......... .......... .......... 72%  503M 0s
 14750K .......... .......... .......... .......... .......... 72% 70.9M 0s
 14800K .......... .......... .......... .......... .......... 72% 33.2M 0s
 14850K .......... .......... .......... .......... .......... 72% 53.4M 0s
 14900K .......... .......... .......... .......... .......... 73%  110M 0s
 14950K .......... .......... .......... .......... .......... 73% 28.8M 0s
 15000K .......... .......... .......... .......... .......... 73% 79.3M 0s
 15050K .......... .......... .......... .......... .......... 73%  488M 0s
 15100K .......... .......... .......... .......... .......... 74%  488M 0s
 15150K .......... .......... .......... .......... .......... 74%  436M 0s
 15200K .......... .......... .......... .......... .......... 74%  381M 0s
 15250K .......... .......... .......... .......... .......... 74%  498M 0s
 15300K .......... .......... .......... .......... .......... 75%  493M 0s
 15350K .......... .......... .......... .......... .......... 75%  488M 0s
 15400K .......... .......... .......... .......... .......... 75%  388M 0s
 15450K .......... .......... .......... .......... .......... 75%  461M 0s
 15500K .......... .......... .......... .......... .......... 76%  479M 0s
 15550K .......... .......... .......... .......... .......... 76%  461M 0s
 15600K .......... .......... .......... .......... .......... 76%  404M 0s
 15650K .......... .......... .......... .......... .......... 76%  488M 0s
 15700K .......... .......... .......... .......... .......... 77%  461M 0s
 15750K .......... .......... .......... .......... .......... 77%  432M 0s
 15800K .......... .......... .......... .......... .......... 77%  410M 0s
 15850K .......... .......... .......... .......... .......... 77%  428M 0s
 15900K .......... .......... .......... .......... .......... 78%  425M 0s
 15950K .......... .......... .......... .......... .......... 78%  258M 0s
 16000K .......... .......... .......... .......... .......... 78%  397M 0s
 16050K .......... .......... .......... .......... .......... 78%  474M 0s
 16100K .......... .......... .......... .......... .......... 79% 21.4M 0s
 16150K .......... .......... .......... .......... .......... 79% 17.7M 0s
 16200K .......... .......... .......... .......... .......... 79%  410M 0s
 16250K .......... .......... .......... .......... .......... 79%  198M 0s
 16300K .......... .......... .......... .......... .......... 80% 19.6M 0s
 16350K .......... .......... .......... .......... .......... 80% 7.66M 0s
 16400K .......... .......... .......... .......... .......... 80%  349M 0s
 16450K .......... .......... .......... .......... .......... 80%  525M 0s
 16500K .......... .......... .......... .......... .......... 81%  678M 0s
 16550K .......... .......... .......... .......... .......... 81%  678M 0s
 16600K .......... .......... .......... .......... .......... 81%  618M 0s
 16650K .......... .......... .......... .......... .......... 81%  678M 0s
 16700K .......... .......... .......... .......... .......... 82%  688M 0s
 16750K .......... .......... .......... .......... .......... 82%  688M 0s
 16800K .......... .......... .......... .......... .......... 82%  561M 0s
 16850K .......... .......... .......... .......... .......... 82%  610M 0s
 16900K .......... .......... .......... .......... .......... 83%  634M 0s
 16950K .......... .......... .......... .......... .......... 83% 21.9M 0s
 17000K .......... .......... .......... .......... .......... 83%  498M 0s
 17050K .......... .......... .......... .......... .......... 83%  634M 0s
 17100K .......... .......... .......... .......... .......... 84%  581M 0s
 17150K .......... .......... .......... .......... .......... 84%  166M 0s
 17200K .......... .......... .......... .......... .......... 84%  112M 0s
 17250K .......... .......... .......... .......... .......... 84% 63.5M 0s
 17300K .......... .......... .......... .......... .......... 84%  595M 0s
 17350K .......... .......... .......... .......... .......... 85%  105M 0s
 17400K .......... .......... .......... .......... .......... 85% 6.22M 0s
 17450K .......... .......... .......... .......... .......... 85% 78.3M 0s
 17500K .......... .......... .......... .......... .......... 85% 35.0M 0s
 17550K .......... .......... .......... .......... .......... 86%  561M 0s
 17600K .......... .......... .......... .......... .......... 86% 44.1M 0s
 17650K .......... .......... .......... .......... .......... 86%  603M 0s
 17700K .......... .......... .......... .......... .......... 86% 26.4M 0s
 17750K .......... .......... .......... .......... .......... 87%  152M 0s
 17800K .......... .......... .......... .......... .......... 87% 73.5M 0s
 17850K .......... .......... .......... .......... .......... 87% 36.5M 0s
 17900K .......... .......... .......... .......... .......... 87%  537M 0s
 17950K .......... .......... .......... .......... .......... 88%  626M 0s
 18000K .......... .......... .......... .......... .......... 88% 25.8M 0s
 18050K .......... .......... .......... .......... .......... 88% 3.00M 0s
 18100K .......... .......... .......... .......... .......... 88% 55.8M 0s
 18150K .......... .......... .......... .......... .......... 89% 12.6M 0s
 18200K .......... .......... .......... .......... .......... 89%  157M 0s
 18250K .......... .......... .......... .......... .......... 89% 16.2M 0s
 18300K .......... .......... .......... .......... .......... 89% 18.0M 0s
 18350K .......... .......... .......... .......... .......... 90% 27.7M 0s
 18400K .......... .......... .......... .......... .......... 90% 28.0M 0s
 18450K .......... .......... .......... .......... .......... 90% 17.3M 0s
 18500K .......... .......... .......... .......... .......... 90%  135M 0s
 18550K .......... .......... .......... .......... .......... 91%  493M 0s
 18600K .......... .......... .......... .......... .......... 91%  456M 0s
 18650K .......... .......... .......... .......... .......... 91% 62.4M 0s
 18700K .......... .......... .......... .......... .......... 91% 49.1M 0s
 18750K .......... .......... .......... .......... .......... 92%  509M 0s
 18800K .......... .......... .......... .......... .......... 92% 52.2M 0s
 18850K .......... .......... .......... .......... .......... 92% 14.6M 0s
 18900K .......... .......... .......... .......... .......... 92% 39.5M 0s
 18950K .......... .......... .......... .......... .......... 93%  421M 0s
 19000K .......... .......... .......... .......... .......... 93%  367M 0s
 19050K .......... .......... .......... .......... .......... 93% 20.7M 0s
 19100K .......... .......... .......... .......... .......... 93%  448M 0s
 19150K .......... .......... .......... .......... .......... 94%  483M 0s
 19200K .......... .......... .......... .......... .......... 94% 95.7M 0s
 19250K .......... .......... .......... .......... .......... 94% 56.0M 0s
 19300K .......... .......... .......... .......... .......... 94%  410M 0s
 19350K .......... .......... .......... .......... .......... 95%  470M 0s
 19400K .......... .......... .......... .......... .......... 95%  100M 0s
 19450K .......... .......... .......... .......... .......... 95% 20.2M 0s
 19500K .......... .......... .......... .......... .......... 95%  166M 0s
 19550K .......... .......... .......... .......... .......... 96%  493M 0s
 19600K .......... .......... .......... .......... .......... 96%  417M 0s
 19650K .......... .......... .......... .......... .......... 96%  110M 0s
 19700K .......... .......... .......... .......... .......... 96%  448M 0s
 19750K .......... .......... .......... .......... .......... 96%  503M 0s
 19800K .......... .......... .......... .......... .......... 97%  101M 0s
 19850K .......... .......... .......... .......... .......... 97%  488M 0s
 19900K .......... .......... .......... .......... .......... 97% 51.8M 0s
 19950K .......... .......... .......... .......... .......... 97%  470M 0s
 20000K .......... .......... .......... .......... .......... 98% 53.2M 0s
 20050K .......... .......... .......... .......... .......... 98% 21.6M 0s
 20100K .......... .......... .......... .......... .......... 98%  131M 0s
 20150K .......... .......... .......... .......... .......... 98%  493M 0s
 20200K .......... .......... .......... .......... .......... 99%  436M 0s
 20250K .......... .......... .......... .......... .......... 99%  474M 0s
 20300K .......... .......... .......... .......... .......... 99%  479M 0s
 20350K .......... .......... .......... .......... .......... 99%  488M 0s
 20400K .......... .....                                      100% 19.8M=0.7s

2022-10-21 08:38:28 (26.8 MB/s) - ‘kplr010419211-20160128150956_dvt.fits’ saved [20905920/20905920]

--2022-10-21 08:38:37--  http://exoplanetarchive.ipac.caltech.edu/data/ETSS//KeplerDV/005/715/03/kplr010419211_q1_q17_dr25_tce_02_dvt_lc.tbl
Resolving exoplanetarchive.ipac.caltech.edu (exoplanetarchive.ipac.caltech.edu)... 134.4.54.151
Connecting to exoplanetarchive.ipac.caltech.edu (exoplanetarchive.ipac.caltech.edu)|134.4.54.151|:80... connected.
HTTP request sent, awaiting response... 302 Found
Location: https://exoplanetarchive.ipac.caltech.edu/data/ETSS//KeplerDV/005/715/03/kplr010419211_q1_q17_dr25_tce_02_dvt_lc.tbl [following]
--2022-10-21 08:38:37--  https://exoplanetarchive.ipac.caltech.edu/data/ETSS//KeplerDV/005/715/03/kplr010419211_q1_q17_dr25_tce_02_dvt_lc.tbl
Connecting to exoplanetarchive.ipac.caltech.edu (exoplanetarchive.ipac.caltech.edu)|134.4.54.151|:443... connected.
HTTP request sent, awaiting response... 200 OK
Length: 10504114 (10M)
Saving to: ‘kplr010419211_q1_q17_dr25_tce_02_dvt_lc.tbl’

     0K .......... .......... .......... .......... ..........  0%  437K 23s
    50K .......... .......... .......... .......... ..........  0%  927K 17s
   100K .......... .......... .......... .......... ..........  1% 89.9M 11s
   150K .......... .......... .......... .......... ..........  1% 8.87M 9s
   200K .......... .......... .......... .......... ..........  2%  973K 9s
   250K .......... .......... .......... .......... ..........  2% 76.4M 8s
   300K .......... .......... .......... .......... ..........  3% 20.7M 6s
   350K .......... .......... .......... .......... ..........  3% 9.56M 6s
   400K .......... .......... .......... .......... ..........  4%  979K 6s
   450K .......... .......... .......... .......... ..........  4% 62.9M 6s
   500K .......... .......... .......... .......... ..........  5% 26.3M 5s
   550K .......... .......... .......... .......... ..........  5%  134M 5s
   600K .......... .......... .......... .......... ..........  6%  106M 4s
   650K .......... .......... .......... .......... ..........  6%  185M 4s
   700K .......... .......... .......... .......... ..........  7%  190M 4s
   750K .......... .......... .......... .......... ..........  7%  112M 3s
   800K .......... .......... .......... .......... ..........  8% 1.00M 4s
   850K .......... .......... .......... .......... ..........  8% 7.18M 4s
   900K .......... .......... .......... .......... ..........  9%  165M 3s
   950K .......... .......... .......... .......... ..........  9%  158M 3s
  1000K .......... .......... .......... .......... .......... 10%  145M 3s
  1050K .......... .......... .......... .......... .......... 10% 46.2M 3s
  1100K .......... .......... .......... .......... .......... 11%  150M 3s
  1150K .......... .......... .......... .......... .......... 11%  102M 3s
  1200K .......... .......... .......... .......... .......... 12%  119M 3s
  1250K .......... .......... .......... .......... .......... 12% 36.6M 2s
  1300K .......... .......... .......... .......... .......... 13%  139M 2s
  1350K .......... .......... .......... .......... .......... 13%  138M 2s
  1400K .......... .......... .......... .......... .......... 14%  100M 2s
  1450K .......... .......... .......... .......... .......... 14%  147M 2s
  1500K .......... .......... .......... .......... .......... 15%  146M 2s
  1550K .......... .......... .......... .......... .......... 15% 63.7M 2s
  1600K .......... .......... .......... .......... .......... 16% 1.19M 2s
  1650K .......... .......... .......... .......... .......... 16% 11.0M 2s
  1700K .......... .......... .......... .......... .......... 17% 65.8M 2s
  1750K .......... .......... .......... .......... .......... 17% 7.67M 2s
  1800K .......... .......... .......... .......... .......... 18%  138M 2s
  1850K .......... .......... .......... .......... .......... 18% 62.8M 2s
  1900K .......... .......... .......... .......... .......... 19%  171M 2s
  1950K .......... .......... .......... .......... .......... 19%  168M 2s
  2000K .......... .......... .......... .......... .......... 19%  110M 2s
  2050K .......... .......... .......... .......... .......... 20% 42.0M 2s
  2100K .......... .......... .......... .......... .......... 20%  150M 2s
  2150K .......... .......... .......... .......... .......... 21% 99.0M 1s
  2200K .......... .......... .......... .......... .......... 21%  145M 1s
  2250K .......... .......... .......... .......... .......... 22%  142M 1s
  2300K .......... .......... .......... .......... .......... 22% 41.7M 1s
  2350K .......... .......... .......... .......... .......... 23% 19.2M 1s
  2400K .......... .......... .......... .......... .......... 23% 31.6M 1s
  2450K .......... .......... .......... .......... .......... 24% 79.4M 1s
  2500K .......... .......... .......... .......... .......... 24% 57.0M 1s
  2550K .......... .......... .......... .......... .......... 25%  105M 1s
  2600K .......... .......... .......... .......... .......... 25%  121M 1s
  2650K .......... .......... .......... .......... .......... 26%  145M 1s
  2700K .......... .......... .......... .......... .......... 26%  160M 1s
  2750K .......... .......... .......... .......... .......... 27%  160M 1s
  2800K .......... .......... .......... .......... .......... 27%  130M 1s
  2850K .......... .......... .......... .......... .......... 28%  161M 1s
  2900K .......... .......... .......... .......... .......... 28%  168M 1s
  2950K .......... .......... .......... .......... .......... 29%  108M 1s
  3000K .......... .......... .......... .......... .......... 29%  147M 1s
  3050K .......... .......... .......... .......... .......... 30%  170M 1s
  3100K .......... .......... .......... .......... .......... 30%  168M 1s
  3150K .......... .......... .......... .......... .......... 31% 38.4M 1s
  3200K .......... .......... .......... .......... .......... 31% 1.83M 1s
  3250K .......... .......... .......... .......... .......... 32% 84.8M 1s
  3300K .......... .......... .......... .......... .......... 32%  109M 1s
  3350K .......... .......... .......... .......... .......... 33% 5.86M 1s
  3400K .......... .......... .......... .......... .......... 33% 88.0M 1s
  3450K .......... .......... .......... .......... .......... 34%  107M 1s
  3500K .......... .......... .......... .......... .......... 34% 48.2M 1s
  3550K .......... .......... .......... .......... .......... 35% 9.80M 1s
  3600K .......... .......... .......... .......... .......... 35% 65.9M 1s
  3650K .......... .......... .......... .......... .......... 36% 41.5M 1s
  3700K .......... .......... .......... .......... .......... 36%  145M 1s
  3750K .......... .......... .......... .......... .......... 37%  164M 1s
  3800K .......... .......... .......... .......... .......... 37%  138M 1s
  3850K .......... .......... .......... .......... .......... 38% 79.7M 1s
  3900K .......... .......... .......... .......... .......... 38% 55.9M 1s
  3950K .......... .......... .......... .......... .......... 38% 72.2M 1s
  4000K .......... .......... .......... .......... .......... 39%  143M 1s
  4050K .......... .......... .......... .......... .......... 39%  143M 1s
  4100K .......... .......... .......... .......... .......... 40%  140M 1s
  4150K .......... .......... .......... .......... .......... 40%  167M 1s
  4200K .......... .......... .......... .......... .......... 41% 33.2M 1s
  4250K .......... .......... .......... .......... .......... 41%  140M 1s
  4300K .......... .......... .......... .......... .......... 42%  108M 1s
  4350K .......... .......... .......... .......... .......... 42%  125M 1s
  4400K .......... .......... .......... .......... .......... 43% 47.2M 1s
  4450K .......... .......... .......... .......... .......... 43%  112M 1s
  4500K .......... .......... .......... .......... .......... 44%  186M 1s
  4550K .......... .......... .......... .......... .......... 44%  270M 1s
  4600K .......... .......... .......... .......... .......... 45% 95.2M 1s
  4650K .......... .......... .......... .......... .......... 45%  196M 1s
  4700K .......... .......... .......... .......... .......... 46% 67.0M 1s
  4750K .......... .......... .......... .......... .......... 46% 71.1M 1s
  4800K .......... .......... .......... .......... .......... 47% 25.8M 1s
  4850K .......... .......... .......... .......... .......... 47%  234M 1s
  4900K .......... .......... .......... .......... .......... 48%  191M 1s
  4950K .......... .......... .......... .......... .......... 48%  229M 1s
  5000K .......... .......... .......... .......... .......... 49% 35.8M 0s
  5050K .......... .......... .......... .......... .......... 49%  238M 0s
  5100K .......... .......... .......... .......... .......... 50%  243M 0s
  5150K .......... .......... .......... .......... .......... 50%  100M 0s
  5200K .......... .......... .......... .......... .......... 51% 50.3M 0s
  5250K .......... .......... .......... .......... .......... 51%  157M 0s
  5300K .......... .......... .......... .......... .......... 52%  165M 0s
  5350K .......... .......... .......... .......... .......... 52% 72.8M 0s
  5400K .......... .......... .......... .......... .......... 53%  130M 0s
  5450K .......... .......... .......... .......... .......... 53% 54.9M 0s
  5500K .......... .......... .......... .......... .......... 54%  159M 0s
  5550K .......... .......... .......... .......... .......... 54% 79.8M 0s
  5600K .......... .......... .......... .......... .......... 55% 97.5M 0s
  5650K .......... .......... .......... .......... .......... 55%  151M 0s
  5700K .......... .......... .......... .......... .......... 56%  159M 0s
  5750K .......... .......... .......... .......... .......... 56%  166M 0s
  5800K .......... .......... .......... .......... .......... 57%  145M 0s
  5850K .......... .......... .......... .......... .......... 57%  159M 0s
  5900K .......... .......... .......... .......... .......... 58% 88.8M 0s
  5950K .......... .......... .......... .......... .......... 58% 26.6M 0s
  6000K .......... .......... .......... .......... .......... 58% 98.2M 0s
  6050K .......... .......... .......... .......... .......... 59%  117M 0s
  6100K .......... .......... .......... .......... .......... 59%  115M 0s
  6150K .......... .......... .......... .......... .......... 60%  117M 0s
  6200K .......... .......... .......... .......... .......... 60%  199M 0s
  6250K .......... .......... .......... .......... .......... 61% 4.45M 0s
  6300K .......... .......... .......... .......... .......... 61% 38.9M 0s
  6350K .......... .......... .......... .......... .......... 62%  160M 0s
  6400K .......... .......... .......... .......... .......... 62% 50.0M 0s
  6450K .......... .......... .......... .......... .......... 63%  160M 0s
  6500K .......... .......... .......... .......... .......... 63% 7.16M 0s
  6550K .......... .......... .......... .......... .......... 64% 26.8M 0s
  6600K .......... .......... .......... .......... .......... 64% 69.9M 0s
  6650K .......... .......... .......... .......... .......... 65% 76.2M 0s
  6700K .......... .......... .......... .......... .......... 65%  164M 0s
  6750K .......... .......... .......... .......... .......... 66% 27.3M 0s
  6800K .......... .......... .......... .......... .......... 66% 79.0M 0s
  6850K .......... .......... .......... .......... .......... 67% 12.2M 0s
  6900K .......... .......... .......... .......... .......... 67%  167M 0s
  6950K .......... .......... .......... .......... .......... 68%  116M 0s
  7000K .......... .......... .......... .......... .......... 68% 84.6M 0s
  7050K .......... .......... .......... .......... .......... 69%  102M 0s
  7100K .......... .......... .......... .......... .......... 69% 42.9M 0s
  7150K .......... .......... .......... .......... .......... 70% 57.9M 0s
  7200K .......... .......... .......... .......... .......... 70% 86.0M 0s
  7250K .......... .......... .......... .......... .......... 71% 59.5M 0s
  7300K .......... .......... .......... .......... .......... 71% 37.6M 0s
  7350K .......... .......... .......... .......... .......... 72%  212M 0s
  7400K .......... .......... .......... .......... .......... 72%  112M 0s
  7450K .......... .......... .......... .......... .......... 73%  201M 0s
  7500K .......... .......... .......... .......... .......... 73%  213M 0s
  7550K .......... .......... .......... .......... .......... 74%  179M 0s
  7600K .......... .......... .......... .......... .......... 74% 41.4M 0s
  7650K .......... .......... .......... .......... .......... 75% 38.0M 0s
  7700K .......... .......... .......... .......... .......... 75%  213M 0s
  7750K .......... .......... .......... .......... .......... 76%  220M 0s
  7800K .......... .......... .......... .......... .......... 76%  189M 0s
  7850K .......... .......... .......... .......... .......... 77% 58.0M 0s
  7900K .......... .......... .......... .......... .......... 77% 40.4M 0s
  7950K .......... .......... .......... .......... .......... 77%  205M 0s
  8000K .......... .......... .......... .......... .......... 78% 65.9M 0s
  8050K .......... .......... .......... .......... .......... 78%  204M 0s
  8100K .......... .......... .......... .......... .......... 79%  213M 0s
  8150K .......... .......... .......... .......... .......... 79% 36.5M 0s
  8200K .......... .......... .......... .......... .......... 80% 11.6M 0s
  8250K .......... .......... .......... .......... .......... 80%  154M 0s
  8300K .......... .......... .......... .......... .......... 81%  155M 0s
  8350K .......... .......... .......... .......... .......... 81%  153M 0s
  8400K .......... .......... .......... .......... .......... 82%  129M 0s
  8450K .......... .......... .......... .......... .......... 82%  155M 0s
  8500K .......... .......... .......... .......... .......... 83%  154M 0s
  8550K .......... .......... .......... .......... .......... 83%  157M 0s
  8600K .......... .......... .......... .......... .......... 84%  138M 0s
  8650K .......... .......... .......... .......... .......... 84%  154M 0s
  8700K .......... .......... .......... .......... .......... 85%  155M 0s
  8750K .......... .......... .......... .......... .......... 85%  145M 0s
  8800K .......... .......... .......... .......... .......... 86%  128M 0s
  8850K .......... .......... .......... .......... .......... 86%  151M 0s
  8900K .......... .......... .......... .......... .......... 87%  151M 0s
  8950K .......... .......... .......... .......... .......... 87%  146M 0s
  9000K .......... .......... .......... .......... .......... 88%  135M 0s
  9050K .......... .......... .......... .......... .......... 88%  191M 0s
  9100K .......... .......... .......... .......... .......... 89%  190M 0s
  9150K .......... .......... .......... .......... .......... 89%  183M 0s
  9200K .......... .......... .......... .......... .......... 90%  153M 0s
  9250K .......... .......... .......... .......... .......... 90%  189M 0s
  9300K .......... .......... .......... .......... .......... 91%  192M 0s
  9350K .......... .......... .......... .......... .......... 91%  192M 0s
  9400K .......... .......... .......... .......... .......... 92%  166M 0s
  9450K .......... .......... .......... .......... .......... 92% 72.9M 0s
  9500K .......... .......... .......... .......... .......... 93%  186M 0s
  9550K .......... .......... .......... .......... .......... 93%  148M 0s
  9600K .......... .......... .......... .......... .......... 94% 57.2M 0s
  9650K .......... .......... .......... .......... .......... 94%  175M 0s
  9700K .......... .......... .......... .......... .......... 95%  180M 0s
  9750K .......... .......... .......... .......... .......... 95%  184M 0s
  9800K .......... .......... .......... .......... .......... 96%  156M 0s
  9850K .......... .......... .......... .......... .......... 96%  186M 0s
  9900K .......... .......... .......... .......... .......... 96%  189M 0s
  9950K .......... .......... .......... .......... .......... 97% 82.8M 0s
 10000K .......... .......... .......... .......... .......... 97% 74.8M 0s
 10050K .......... .......... .......... .......... .......... 98%  157M 0s
 10100K .......... .......... .......... .......... .......... 98%  170M 0s
 10150K .......... .......... .......... .......... .......... 99% 95.2M 0s
 10200K .......... .......... .......... .......... .......... 99% 69.1M 0s
 10250K .......                                               100% 98.0M=0.6s

2022-10-21 08:38:38 (17.9 MB/s) - ‘kplr010419211_q1_q17_dr25_tce_02_dvt_lc.tbl’ saved [10504114/10504114]

